<?xml version="1.0" encoding="UTF-8"?>
<!-- Generated by org.testng.reporters.JUnitXMLReporter -->
<testsuite hostname="ARAVINDA-DELL-PERSONAL" ignored="0" name="Customer Creation" tests="5" failures="0" timestamp="11 Dec 2020 08:30:26 GMT" time="42.32" errors="0">
  <testcase name="createCustomer" time="6.97" classname="com.synechron.actitime.seleniumtraining.test.CreateCustomerUsingTestNGDataProvider"/>
  <testcase name="createCustomer" time="6.673" classname="com.synechron.actitime.seleniumtraining.test.CreateCustomerUsingTestNGDataProvider"/>
  <testcase name="createCustomer" time="6.597" classname="com.synechron.actitime.seleniumtraining.test.CreateCustomerUsingTestNGDataProvider"/>
  <testcase name="createCustomer" time="6.603" classname="com.synechron.actitime.seleniumtraining.test.CreateCustomerUsingTestNGDataProvider"/>
  <testcase name="createCustomer" time="6.679" classname="com.synechron.actitime.seleniumtraining.test.CreateCustomerUsingTestNGDataProvider"/>
</testsuite> <!-- Customer Creation -->
