<?xml version="1.0" encoding="UTF-8"?>
<!-- Generated by org.testng.reporters.JUnitXMLReporter -->
<testsuite hostname="ARAVINDA-DELL-PERSONAL" ignored="2" name="GRP-mahendra" tests="4" failures="0" timestamp="11 Dec 2020 08:00:11 GMT" time="0.086" errors="0">
  <testcase name="ertiga" time="0.024" classname="com.synechron.actitime.seleniumtraining.testng.Cars"/>
  <testcase name="swift" time="0.002" classname="com.synechron.actitime.seleniumtraining.testng.Cars"/>
  <testcase name="x1" time="0.002" classname="com.synechron.actitime.seleniumtraining.testng.Cars"/>
  <testcase name="x6" time="0.002" classname="com.synechron.actitime.seleniumtraining.testng.Cars"/>
  <testcase name="xuv500" time="0.0" classname="com.synechron.actitime.seleniumtraining.testng.Cars">
    <ignored/>
  </testcase> <!-- xuv500 -->
  <testcase name="xuv300" time="0.0" classname="com.synechron.actitime.seleniumtraining.testng.Cars">
    <ignored/>
  </testcase> <!-- xuv300 -->
</testsuite> <!-- GRP-mahendra -->
